20.11.2025, 16:53:46 - DEBUG - auth.routes - new account created | {"_id":"691f2b7a9d476f3935f25391","email":"kk@gmail.com","fullname":"karin kashi","createdAt":1763650426788}
20.11.2025, 16:53:47 - INFO - User signup: | {"email":"kk@gmail.com","_id":"691f2b7a9d476f3935f25391"}
20.11.2025, 17:11:33 - DEBUG - auth.routes - user login | {"_id":"691f2b7a9d476f3935f25391","email":"kk@gmail.com","fullname":"karin kashi","createdAt":1763650426788}
20.11.2025, 17:11:33 - INFO - User login | {"email":"kk@gmail.com","_id":"691f2b7a9d476f3935f25391"}
20.11.2025, 17:16:49 - DEBUG - auth.routes - user login | {"_id":"691f2b7a9d476f3935f25391","email":"kk@gmail.com","fullname":"karin kashi","createdAt":1763650426788}
20.11.2025, 17:16:49 - INFO - User login | {"email":"kk@gmail.com","_id":"691f2b7a9d476f3935f25391"}
20.11.2025, 20:12:24 - INFO - User login | {"email":"kk@gmail.com","_id":"691f2b7a9d476f3935f25391"}
20.11.2025, 20:12:24 - DEBUG - auth.routes - user login | {"_id":"691f2b7a9d476f3935f25391","email":"kk@gmail.com","fullname":"karin kashi","createdAt":1763650426788}
20.11.2025, 20:12:37 - DEBUG - auth.routes - user login | {"_id":"691f2b7a9d476f3935f25391","email":"kk@gmail.com","fullname":"karin kashi","createdAt":1763650426788}
20.11.2025, 20:12:37 - INFO - User login | {"email":"kk@gmail.com","_id":"691f2b7a9d476f3935f25391"}
23.11.2025, 10:09:36 - INFO - User login | {"email":"kk@gmail.com","_id":"691f2b7a9d476f3935f25391"}
23.11.2025, 10:09:36 - DEBUG - auth.routes - user login | {"_id":"691f2b7a9d476f3935f25391","email":"kk@gmail.com","fullname":"karin kashi","createdAt":1763650426788}
23.11.2025, 10:11:07 - DEBUG - auth.routes - user login | {"_id":"691f2b7a9d476f3935f25391","email":"kk@gmail.com","fullname":"karin kashi","createdAt":1763650426788}
23.11.2025, 10:11:07 - INFO - User login | {"email":"kk@gmail.com","_id":"691f2b7a9d476f3935f25391"}
25.11.2025, 12:43:37 - ERROR - Failed to Login  | Error: User not found
25.11.2025, 12:44:06 - DEBUG - auth.routes - new account created | {"_id":"692588769d476f3935f25392","email":"kkashi@gmail.com","fullname":"kkashi","createdAt":1764067446562}
25.11.2025, 12:44:06 - INFO - User signup: | {"email":"kkashi@gmail.com","_id":"692588769d476f3935f25392"}
25.11.2025, 12:45:03 - ERROR - Failed to Login  | Error: User not found
25.11.2025, 12:45:13 - DEBUG - auth.routes - user login | {"_id":"691f2b7a9d476f3935f25391","email":"kk@gmail.com","fullname":"karin kashi","createdAt":1763650426788}
25.11.2025, 12:45:13 - INFO - User login | {"email":"kk@gmail.com","_id":"691f2b7a9d476f3935f25391"}
25.11.2025, 12:47:06 - DEBUG - auth.routes - user login | {"_id":"691f2b7a9d476f3935f25391","email":"kk@gmail.com","fullname":"karin kashi","createdAt":1763650426788}
25.11.2025, 12:47:06 - INFO - User login | {"email":"kk@gmail.com","_id":"691f2b7a9d476f3935f25391"}
25.11.2025, 12:47:51 - DEBUG - auth.routes - user login | {"_id":"691f2b7a9d476f3935f25391","email":"kk@gmail.com","fullname":"karin kashi","createdAt":1763650426788}
25.11.2025, 12:47:51 - INFO - User login | {"email":"kk@gmail.com","_id":"691f2b7a9d476f3935f25391"}
25.11.2025, 13:01:32 - INFO - User login | {"email":"kk@gmail.com","_id":"691f2b7a9d476f3935f25391"}
25.11.2025, 13:01:32 - DEBUG - auth.routes - user login | {"_id":"691f2b7a9d476f3935f25391","email":"kk@gmail.com","fullname":"karin kashi","createdAt":1763650426788}
25.11.2025, 13:09:29 - DEBUG - auth.routes - user login | {"_id":"691f2b7a9d476f3935f25391","email":"kk@gmail.com","fullname":"karin kashi","createdAt":1763650426788}
25.11.2025, 13:09:29 - INFO - User login | {"email":"kk@gmail.com","_id":"691f2b7a9d476f3935f25391"}
25.11.2025, 13:10:40 - DEBUG - auth.routes - user login | {"_id":"691f2b7a9d476f3935f25391","email":"kk@gmail.com","fullname":"karin kashi","createdAt":1763650426788}
25.11.2025, 13:10:40 - INFO - User login | {"email":"kk@gmail.com","_id":"691f2b7a9d476f3935f25391"}
25.11.2025, 13:12:20 - DEBUG - auth.routes - user login | {"_id":"691f2b7a9d476f3935f25391","email":"kk@gmail.com","fullname":"karin kashi","createdAt":1763650426788}
25.11.2025, 13:12:20 - INFO - User login | {"email":"kk@gmail.com","_id":"691f2b7a9d476f3935f25391"}
25.11.2025, 13:15:18 - DEBUG - auth.routes - user login | {"_id":"691f2b7a9d476f3935f25391","email":"kk@gmail.com","fullname":"karin kashi","createdAt":1763650426788}
25.11.2025, 13:15:18 - INFO - User login | {"email":"kk@gmail.com","_id":"691f2b7a9d476f3935f25391"}
25.11.2025, 13:15:42 - DEBUG - auth.routes - user login | {"_id":"691f2b7a9d476f3935f25391","email":"kk@gmail.com","fullname":"karin kashi","createdAt":1763650426788}
25.11.2025, 13:15:42 - INFO - User login | {"email":"kk@gmail.com","_id":"691f2b7a9d476f3935f25391"}
25.11.2025, 13:19:24 - DEBUG - auth.routes - user login | {"_id":"691f2b7a9d476f3935f25391","email":"kk@gmail.com","fullname":"karin kashi","createdAt":1763650426788}
25.11.2025, 13:19:24 - INFO - User login | {"email":"kk@gmail.com","_id":"691f2b7a9d476f3935f25391"}
25.11.2025, 13:22:25 - DEBUG - auth.routes - user login | {"_id":"691f2b7a9d476f3935f25391","email":"kk@gmail.com","fullname":"karin kashi","createdAt":1763650426788}
25.11.2025, 13:22:25 - INFO - User login | {"email":"kk@gmail.com","_id":"691f2b7a9d476f3935f25391"}
25.11.2025, 13:47:21 - INFO - User login | {"email":"kk@gmail.com","_id":"691f2b7a9d476f3935f25391"}
25.11.2025, 13:47:21 - DEBUG - auth.routes - user login | {"_id":"691f2b7a9d476f3935f25391","email":"kk@gmail.com","fullname":"karin kashi","createdAt":1763650426788}
25.11.2025, 13:48:54 - DEBUG - auth.routes - user login | {"_id":"691f2b7a9d476f3935f25391","email":"kk@gmail.com","fullname":"karin kashi","createdAt":1763650426788}
25.11.2025, 13:48:54 - INFO - User login | {"email":"kk@gmail.com","_id":"691f2b7a9d476f3935f25391"}
25.11.2025, 13:49:16 - DEBUG - auth.routes - user login | {"_id":"691f2b7a9d476f3935f25391","email":"kk@gmail.com","fullname":"karin kashi","createdAt":1763650426788}
25.11.2025, 13:49:16 - INFO - User login | {"email":"kk@gmail.com","_id":"691f2b7a9d476f3935f25391"}
25.11.2025, 13:53:42 - DEBUG - auth.routes - user login | {"_id":"691f2b7a9d476f3935f25391","email":"kk@gmail.com","fullname":"karin kashi","createdAt":1763650426788}
25.11.2025, 13:53:42 - INFO - User login | {"email":"kk@gmail.com","_id":"691f2b7a9d476f3935f25391"}
25.11.2025, 14:16:36 - INFO - User login | {"email":"kk@gmail.com","_id":"691f2b7a9d476f3935f25391"}
25.11.2025, 14:16:36 - DEBUG - auth.routes - user login | {"_id":"691f2b7a9d476f3935f25391","email":"kk@gmail.com","fullname":"karin kashi","createdAt":1763650426788}
25.11.2025, 14:19:02 - DEBUG - auth.routes - user login | {"_id":"691f2b7a9d476f3935f25391","email":"kk@gmail.com","fullname":"karin kashi","createdAt":1763650426788}
25.11.2025, 14:19:02 - INFO - User login | {"email":"kk@gmail.com","_id":"691f2b7a9d476f3935f25391"}
25.11.2025, 14:53:30 - DEBUG - auth.routes - user login | {"_id":"691f2b7a9d476f3935f25391","email":"kk@gmail.com","fullname":"karin kashi","createdAt":1763650426788}
25.11.2025, 14:53:30 - INFO - User login | {"email":"kk@gmail.com","_id":"691f2b7a9d476f3935f25391"}
25.11.2025, 14:56:50 - DEBUG - auth.routes - user login | {"_id":"691f2b7a9d476f3935f25391","email":"kk@gmail.com","fullname":"karin kashi","createdAt":1763650426788}
25.11.2025, 14:56:50 - INFO - User login | {"email":"kk@gmail.com","_id":"691f2b7a9d476f3935f25391"}
26.11.2025, 15:01:29 - INFO - User login | {"email":"kk@gmail.com","_id":"691f2b7a9d476f3935f25391"}
26.11.2025, 15:01:29 - DEBUG - auth.routes - user login | {"_id":"691f2b7a9d476f3935f25391","email":"kk@gmail.com","fullname":"karin kashi","createdAt":1763650426788}
26.11.2025, 15:03:32 - DEBUG - auth.routes - user login | {"_id":"691f2b7a9d476f3935f25391","email":"kk@gmail.com","fullname":"karin kashi","createdAt":1763650426788}
26.11.2025, 15:03:32 - INFO - User login | {"email":"kk@gmail.com","_id":"691f2b7a9d476f3935f25391"}
26.11.2025, 15:35:03 - DEBUG - auth.routes - user login | {"_id":"691f2b7a9d476f3935f25391","email":"kk@gmail.com","fullname":"karin kashi","createdAt":1763650426788}
26.11.2025, 15:35:03 - INFO - User login | {"email":"kk@gmail.com","_id":"691f2b7a9d476f3935f25391"}
26.11.2025, 15:40:33 - INFO - /api/favorite | POST | {"imageId":"48GyYPYjWzQ","imageDescription":"a woman walking down a sidewalk with a book in her hand","imageUrl":"https://images.unsplash.com/photo-1717748016688-ca6b2afd060a?crop=entropy&cs=tinysrgb&fit=max&fm=jpg&ixid=M3w4MzE3OTV8MHwxfHNlYXJjaHwyfHx3b21hbiUyMGFjdGl2ZXdlYXIlMjBzcG9ydHklMjB2aWJyYW50JTIwY2FmZSUyMGZhc2hpb24lMjBsaWdodCUyMGNsb3RoZXMlMjBjbG91ZHklMjBkYXklMjBvdXRmaXR8ZW58MXwxfHx8MTc2NDE2NDExNXww&ixlib=rb-4.1.0&q=80&w=400","user":{"_id":"691f2b7a9d476f3935f25391","fullname":"karin kashi"},"createdAt":1764164433041} | {}
26.11.2025, 15:40:33 - ERROR - Failed to add a favorite | TypeError: favoriteService.save is not a function
26.11.2025, 15:40:44 - INFO - /api/favorite | POST | {"imageId":"48GyYPYjWzQ","imageDescription":"a woman walking down a sidewalk with a book in her hand","imageUrl":"https://images.unsplash.com/photo-1717748016688-ca6b2afd060a?crop=entropy&cs=tinysrgb&fit=max&fm=jpg&ixid=M3w4MzE3OTV8MHwxfHNlYXJjaHwyfHx3b21hbiUyMGFjdGl2ZXdlYXIlMjBzcG9ydHklMjB2aWJyYW50JTIwY2FmZSUyMGZhc2hpb24lMjBsaWdodCUyMGNsb3RoZXMlMjBjbG91ZHklMjBkYXklMjBvdXRmaXR8ZW58MXwxfHx8MTc2NDE2NDExNXww&ixlib=rb-4.1.0&q=80&w=400","user":{"_id":"691f2b7a9d476f3935f25391","fullname":"karin kashi"},"createdAt":1764164443996} | {}
26.11.2025, 15:40:44 - ERROR - Failed to add a favorite | TypeError: favoriteService.save is not a function
26.11.2025, 15:41:36 - INFO - /api/favorite | POST | {"imageId":"48GyYPYjWzQ","imageDescription":"a woman walking down a sidewalk with a book in her hand","imageUrl":"https://images.unsplash.com/photo-1717748016688-ca6b2afd060a?crop=entropy&cs=tinysrgb&fit=max&fm=jpg&ixid=M3w4MzE3OTV8MHwxfHNlYXJjaHwyfHx3b21hbiUyMGFjdGl2ZXdlYXIlMjBzcG9ydHklMjB2aWJyYW50JTIwY2FmZSUyMGZhc2hpb24lMjBsaWdodCUyMGNsb3RoZXMlMjBjbG91ZHklMjBkYXklMjBvdXRmaXR8ZW58MXwxfHx8MTc2NDE2NDExNXww&ixlib=rb-4.1.0&q=80&w=400","user":{"_id":"691f2b7a9d476f3935f25391","fullname":"karin kashi"},"createdAt":1764164496133} | {}
26.11.2025, 15:41:36 - ERROR - Failed to add a favorite | TypeError: favoriteService.save is not a function
26.11.2025, 15:41:53 - INFO - /api/favorite | POST | {"imageId":"48GyYPYjWzQ","imageDescription":"a woman walking down a sidewalk with a book in her hand","imageUrl":"https://images.unsplash.com/photo-1717748016688-ca6b2afd060a?crop=entropy&cs=tinysrgb&fit=max&fm=jpg&ixid=M3w4MzE3OTV8MHwxfHNlYXJjaHwyfHx3b21hbiUyMGFjdGl2ZXdlYXIlMjBzcG9ydHklMjB2aWJyYW50JTIwY2FmZSUyMGZhc2hpb24lMjBsaWdodCUyMGNsb3RoZXMlMjBjbG91ZHklMjBkYXklMjBvdXRmaXR8ZW58MXwxfHx8MTc2NDE2NDExNXww&ixlib=rb-4.1.0&q=80&w=400","user":{"_id":"691f2b7a9d476f3935f25391","fullname":"karin kashi"},"createdAt":1764164513109} | {}
26.11.2025, 15:42:39 - INFO - /api/favorite | POST | {"imageUrl":{"id":"48GyYPYjWzQ","slug":"a-woman-walking-down-a-sidewalk-with-a-book-in-her-hand-48GyYPYjWzQ","alternative_slugs":{"en":"a-woman-walking-down-a-sidewalk-with-a-book-in-her-hand-48GyYPYjWzQ","es":"una-mujer-caminando-por-una-acera-con-un-libro-en-la-mano-48GyYPYjWzQ","ja":"本を手に歩道を歩く女性-48GyYPYjWzQ","fr":"une-femme-marchant-sur-un-trottoir-avec-un-livre-a-la-main-48GyYPYjWzQ","it":"una-donna-che-cammina-lungo-un-marciapiede-con-un-libro-in-mano-48GyYPYjWzQ","ko":"한-여성이-손에-책을-들고-보도를-걷고-있다-48GyYPYjWzQ","de":"eine-frau-die-mit-einem-buch-in-der-hand-einen-burgersteig-entlanggeht-48GyYPYjWzQ","pt":"uma-mulher-caminhando-por-uma-calcada-com-um-livro-na-mao-48GyYPYjWzQ","id":"seorang-wanita-berjalan-di-trotoar-dengan-buku-di-tangannya-48GyYPYjWzQ"},"created_at":"2024-06-07T08:17:11Z","updated_at":"2025-11-26T10:11:18Z","promoted_at":null,"width":3830,"height":5745,"color":"#a6a6a6","blur_hash":"LOG[[{00t7RjofIUt7t79FRjt7xu","description":null,"alt_description":"a woman walking down a sidewalk with a book in her hand","breadcrumbs":[],"urls":{"raw":"https://images.unsplash.com/photo-1717748016688-ca6b2afd060a?ixid=M3w4MzE3OTV8MHwxfHNlYXJjaHwyfHx3b21hbiUyMGFjdGl2ZXdlYXIlMjBzcG9ydHklMjB2aWJyYW50JTIwY2FmZSUyMGZhc2hpb24lMjBsaWdodCUyMGNsb3RoZXMlMjBjbG91ZHklMjBkYXklMjBvdXRmaXR8ZW58MXwxfHx8MTc2NDE2NDExNXww&ixlib=rb-4.1.0","full":"https://images.unsplash.com/photo-1717748016688-ca6b2afd060a?crop=entropy&cs=srgb&fm=jpg&ixid=M3w4MzE3OTV8MHwxfHNlYXJjaHwyfHx3b21hbiUyMGFjdGl2ZXdlYXIlMjBzcG9ydHklMjB2aWJyYW50JTIwY2FmZSUyMGZhc2hpb24lMjBsaWdodCUyMGNsb3RoZXMlMjBjbG91ZHklMjBkYXklMjBvdXRmaXR8ZW58MXwxfHx8MTc2NDE2NDExNXww&ixlib=rb-4.1.0&q=85","regular":"https://images.unsplash.com/photo-1717748016688-ca6b2afd060a?crop=entropy&cs=tinysrgb&fit=max&fm=jpg&ixid=M3w4MzE3OTV8MHwxfHNlYXJjaHwyfHx3b21hbiUyMGFjdGl2ZXdlYXIlMjBzcG9ydHklMjB2aWJyYW50JTIwY2FmZSUyMGZhc2hpb24lMjBsaWdodCUyMGNsb3RoZXMlMjBjbG91ZHklMjBkYXklMjBvdXRmaXR8ZW58MXwxfHx8MTc2NDE2NDExNXww&ixlib=rb-4.1.0&q=80&w=1080","small":"https://images.unsplash.com/photo-1717748016688-ca6b2afd060a?crop=entropy&cs=tinysrgb&fit=max&fm=jpg&ixid=M3w4MzE3OTV8MHwxfHNlYXJjaHwyfHx3b21hbiUyMGFjdGl2ZXdlYXIlMjBzcG9ydHklMjB2aWJyYW50JTIwY2FmZSUyMGZhc2hpb24lMjBsaWdodCUyMGNsb3RoZXMlMjBjbG91ZHklMjBkYXklMjBvdXRmaXR8ZW58MXwxfHx8MTc2NDE2NDExNXww&ixlib=rb-4.1.0&q=80&w=400","thumb":"https://images.unsplash.com/photo-1717748016688-ca6b2afd060a?crop=entropy&cs=tinysrgb&fit=max&fm=jpg&ixid=M3w4MzE3OTV8MHwxfHNlYXJjaHwyfHx3b21hbiUyMGFjdGl2ZXdlYXIlMjBzcG9ydHklMjB2aWJyYW50JTIwY2FmZSUyMGZhc2hpb24lMjBsaWdodCUyMGNsb3RoZXMlMjBjbG91ZHklMjBkYXklMjBvdXRmaXR8ZW58MXwxfHx8MTc2NDE2NDExNXww&ixlib=rb-4.1.0&q=80&w=200","small_s3":"https://s3.us-west-2.amazonaws.com/images.unsplash.com/small/photo-1717748016688-ca6b2afd060a"},"links":{"self":"https://api.unsplash.com/photos/a-woman-walking-down-a-sidewalk-with-a-book-in-her-hand-48GyYPYjWzQ","html":"https://unsplash.com/photos/a-woman-walking-down-a-sidewalk-with-a-book-in-her-hand-48GyYPYjWzQ","download":"https://unsplash.com/photos/48GyYPYjWzQ/download?ixid=M3w4MzE3OTV8MHwxfHNlYXJjaHwyfHx3b21hbiUyMGFjdGl2ZXdlYXIlMjBzcG9ydHklMjB2aWJyYW50JTIwY2FmZSUyMGZhc2hpb24lMjBsaWdodCUyMGNsb3RoZXMlMjBjbG91ZHklMjBkYXklMjBvdXRmaXR8ZW58MXwxfHx8MTc2NDE2NDExNXww","download_location":"https://api.unsplash.com/photos/48GyYPYjWzQ/download?ixid=M3w4MzE3OTV8MHwxfHNlYXJjaHwyfHx3b21hbiUyMGFjdGl2ZXdlYXIlMjBzcG9ydHklMjB2aWJyYW50JTIwY2FmZSUyMGZhc2hpb24lMjBsaWdodCUyMGNsb3RoZXMlMjBjbG91ZHklMjBkYXklMjBvdXRmaXR8ZW58MXwxfHx8MTc2NDE2NDExNXww"},"likes":5,"liked_by_user":false,"bookmarked":false,"current_user_collections":[],"sponsorship":null,"topic_submissions":{},"asset_type":"photo","user":{"id":"FH2jiftSUus","updated_at":"2025-10-23T14:51:24Z","username":"anyutakejbalo","name":"Anna Keibalo","first_name":"Anna","last_name":"Keibalo","twitter_username":null,"portfolio_url":null,"bio":"photographer and content maker","location":"Ukraine","links":{"self":"https://api.unsplash.com/users/anyutakejbalo","html":"https://unsplash.com/@anyutakejbalo","photos":"https://api.unsplash.com/users/anyutakejbalo/photos","likes":"https://api.unsplash.com/users/anyutakejbalo/likes","portfolio":"https://api.unsplash.com/users/anyutakejbalo/portfolio"},"profile_image":{"small":"https://images.unsplash.com/profile-1678971894704-e7318102e48eimage?ixlib=rb-4.1.0&crop=faces&fit=crop&w=32&h=32","medium":"https://images.unsplash.com/profile-1678971894704-e7318102e48eimage?ixlib=rb-4.1.0&crop=faces&fit=crop&w=64&h=64","large":"https://images.unsplash.com/profile-1678971894704-e7318102e48eimage?ixlib=rb-4.1.0&crop=faces&fit=crop&w=128&h=128"},"instagram_username":"keibalo.a","total_collections":0,"total_likes":15,"total_photos":1659,"total_promoted_photos":4,"total_illustrations":0,"total_promoted_illustrations":0,"accepted_tos":true,"for_hire":true,"social":{"instagram_username":"keibalo.a","portfolio_url":null,"twitter_username":null,"paypal_email":null}}},"user":{"_id":"691f2b7a9d476f3935f25391","fullname":"karin kashi"},"createdAt":1764164559206} | {}
26.11.2025, 15:43:06 - INFO - /api/favorite | POST | {"imageId":"TKD0nf8nfIM","imageDescription":"woman in black leather jacket and black pants wearing black leather boots","imageUrl":"https://images.unsplash.com/photo-1615122514692-bfea4a7aa204?crop=entropy&cs=tinysrgb&fit=max&fm=jpg&ixid=M3w4MzE3OTV8MHwxfHNlYXJjaHwxfHx3b21hbiUyMGFjdGl2ZXdlYXIlMjBzcG9ydHklMjB2aWJyYW50JTIwY2FmZSUyMGZhc2hpb24lMjBsaWdodCUyMGNsb3RoZXMlMjBjbG91ZHklMjBkYXklMjBvdXRmaXR8ZW58MXwxfHx8MTc2NDE2NDExNXww&ixlib=rb-4.1.0&q=80&w=400","user":{"_id":"691f2b7a9d476f3935f25391","fullname":"karin kashi"},"createdAt":1764164586660} | {}
26.11.2025, 15:43:49 - INFO - /api/favorite | POST | {"imageId":"4WwyS52y3yM","imageDescription":"Red raincoat with scarf and umbrella on mannequin.","imageUrl":"https://images.unsplash.com/photo-1760001868533-ed37253684d8?crop=entropy&cs=tinysrgb&fit=max&fm=jpg&ixid=M3w4MzE3OTV8MHwxfHNlYXJjaHwzfHx3b21hbiUyMGFjdGl2ZXdlYXIlMjBzcG9ydHklMjB2aWJyYW50JTIwY2FmZSUyMGZhc2hpb24lMjBsaWdodCUyMGNsb3RoZXMlMjBjbG91ZHklMjBkYXklMjBvdXRmaXR8ZW58MXwxfHx8MTc2NDE2NDExNXww&ixlib=rb-4.1.0&q=80&w=400","user":{"_id":"691f2b7a9d476f3935f25391","fullname":"karin kashi"},"createdAt":1764164629289} | {}
26.11.2025, 15:44:13 - INFO - /api/favorite | POST | {"imageId":"JQwjJNXGP0s","imageDescription":"woman sitting on stool in shoe shop","imageUrl":"https://images.unsplash.com/photo-1574663099450-112c58e5c7cb?crop=entropy&cs=tinysrgb&fit=max&fm=jpg&ixid=M3w4MzE3OTV8MHwxfHNlYXJjaHw2fHx3b21hbiUyMGFjdGl2ZXdlYXIlMjBzcG9ydHklMjB2aWJyYW50JTIwY2FmZSUyMGZhc2hpb24lMjBsaWdodCUyMGNsb3RoZXMlMjBjbG91ZHklMjBkYXklMjBvdXRmaXR8ZW58MXwxfHx8MTc2NDE2NDExNXww&ixlib=rb-4.1.0&q=80&w=400","user":{"_id":"691f2b7a9d476f3935f25391","fullname":"karin kashi"},"createdAt":1764164653437} | {}
27.11.2025, 0:34:13 - DEBUG - auth.routes - user login | {"_id":"691f2b7a9d476f3935f25391","email":"kk@gmail.com","fullname":"karin kashi","createdAt":1763650426788}
27.11.2025, 0:34:13 - INFO - User login | {"email":"kk@gmail.com","_id":"691f2b7a9d476f3935f25391"}
27.11.2025, 0:34:30 - INFO - /api/favorite | POST | {"imageId":"yvFo2R0_rvY","imageDescription":"A woman sitting in the grass wearing sunglasses","imageUrl":"https://images.unsplash.com/photo-1733164928015-08727933689d?crop=entropy&cs=tinysrgb&fit=max&fm=jpg&ixid=M3w4MzE3OTV8MHwxfHNlYXJjaHwyfHx3b21hbiUyMGV2ZXJ5ZGF5JTIwY2FzdWFsJTIwbG91bmdld2VhciUyMGNvbWZvcnRhYmxlJTIwc3ByaW5nJTIwc3VubnklMjBvdXRmaXR8ZW58MXwxfHx8MTc2NDE5NjQ2NXww&ixlib=rb-4.1.0&q=80&w=400","user":{"_id":"691f2b7a9d476f3935f25391","fullname":"karin kashi"},"createdAt":1764196470429} | {}
27.11.2025, 0:34:32 - INFO - /api/favorite | POST | {"imageId":"yvFo2R0_rvY","imageDescription":"A woman sitting in the grass wearing sunglasses","imageUrl":"https://images.unsplash.com/photo-1733164928015-08727933689d?crop=entropy&cs=tinysrgb&fit=max&fm=jpg&ixid=M3w4MzE3OTV8MHwxfHNlYXJjaHwyfHx3b21hbiUyMGV2ZXJ5ZGF5JTIwY2FzdWFsJTIwbG91bmdld2VhciUyMGNvbWZvcnRhYmxlJTIwc3ByaW5nJTIwc3VubnklMjBvdXRmaXR8ZW58MXwxfHx8MTc2NDE5NjQ2NXww&ixlib=rb-4.1.0&q=80&w=400","user":{"_id":"691f2b7a9d476f3935f25391","fullname":"karin kashi"},"createdAt":1764196472987} | {}
27.11.2025, 0:41:30 - INFO - /api/favorite | POST | {"imageId":"yvFo2R0_rvY","imageDescription":"A woman sitting in the grass wearing sunglasses","imageUrl":"https://images.unsplash.com/photo-1733164928015-08727933689d?crop=entropy&cs=tinysrgb&fit=max&fm=jpg&ixid=M3w4MzE3OTV8MHwxfHNlYXJjaHwyfHx3b21hbiUyMGV2ZXJ5ZGF5JTIwY2FzdWFsJTIwbG91bmdld2VhciUyMGNvbWZvcnRhYmxlJTIwc3ByaW5nJTIwc3VubnklMjBvdXRmaXR8ZW58MXwxfHx8MTc2NDE5NjQ2NXww&ixlib=rb-4.1.0&q=80&w=400","user":{"_id":"691f2b7a9d476f3935f25391","fullname":"karin kashi"},"createdAt":1764196890361} | {}
27.11.2025, 0:41:32 - INFO - /api/favorite | POST | {"imageId":"yvFo2R0_rvY","imageDescription":"A woman sitting in the grass wearing sunglasses","imageUrl":"https://images.unsplash.com/photo-1733164928015-08727933689d?crop=entropy&cs=tinysrgb&fit=max&fm=jpg&ixid=M3w4MzE3OTV8MHwxfHNlYXJjaHwyfHx3b21hbiUyMGV2ZXJ5ZGF5JTIwY2FzdWFsJTIwbG91bmdld2VhciUyMGNvbWZvcnRhYmxlJTIwc3ByaW5nJTIwc3VubnklMjBvdXRmaXR8ZW58MXwxfHx8MTc2NDE5NjQ2NXww&ixlib=rb-4.1.0&q=80&w=400","user":{"_id":"691f2b7a9d476f3935f25391","fullname":"karin kashi"},"createdAt":1764196892912} | {}
27.11.2025, 0:41:35 - INFO - /api/favorite | POST | {"imageId":"yvFo2R0_rvY","imageDescription":"A woman sitting in the grass wearing sunglasses","imageUrl":"https://images.unsplash.com/photo-1733164928015-08727933689d?crop=entropy&cs=tinysrgb&fit=max&fm=jpg&ixid=M3w4MzE3OTV8MHwxfHNlYXJjaHwyfHx3b21hbiUyMGV2ZXJ5ZGF5JTIwY2FzdWFsJTIwbG91bmdld2VhciUyMGNvbWZvcnRhYmxlJTIwc3ByaW5nJTIwc3VubnklMjBvdXRmaXR8ZW58MXwxfHx8MTc2NDE5NjQ2NXww&ixlib=rb-4.1.0&q=80&w=400","user":{"_id":"691f2b7a9d476f3935f25391","fullname":"karin kashi"},"createdAt":1764196895575} | {}
27.11.2025, 0:42:01 - INFO - /api/favorite | POST | {"imageId":"yvFo2R0_rvY","imageDescription":"A woman sitting in the grass wearing sunglasses","imageUrl":"https://images.unsplash.com/photo-1733164928015-08727933689d?crop=entropy&cs=tinysrgb&fit=max&fm=jpg&ixid=M3w4MzE3OTV8MHwxfHNlYXJjaHwyfHx3b21hbiUyMGV2ZXJ5ZGF5JTIwY2FzdWFsJTIwbG91bmdld2VhciUyMGNvbWZvcnRhYmxlJTIwc3ByaW5nJTIwc3VubnklMjBvdXRmaXR8ZW58MXwxfHx8MTc2NDE5NjQ2NXww&ixlib=rb-4.1.0&q=80&w=400","user":{"_id":"691f2b7a9d476f3935f25391","fullname":"karin kashi"},"createdAt":1764196921339} | {}
27.11.2025, 0:45:01 - INFO - /api/favorite | POST | {"imageId":"yvFo2R0_rvY","imageDescription":"A woman sitting in the grass wearing sunglasses","imageUrl":"https://images.unsplash.com/photo-1733164928015-08727933689d?crop=entropy&cs=tinysrgb&fit=max&fm=jpg&ixid=M3w4MzE3OTV8MHwxfHNlYXJjaHwyfHx3b21hbiUyMGV2ZXJ5ZGF5JTIwY2FzdWFsJTIwbG91bmdld2VhciUyMGNvbWZvcnRhYmxlJTIwc3ByaW5nJTIwc3VubnklMjBvdXRmaXR8ZW58MXwxfHx8MTc2NDE5NjQ2NXww&ixlib=rb-4.1.0&q=80&w=400","user":{"_id":"691f2b7a9d476f3935f25391","fullname":"karin kashi"},"createdAt":1764197100971} | {}
27.11.2025, 0:45:03 - INFO - /api/favorite | POST | {"imageId":"yvFo2R0_rvY","imageDescription":"A woman sitting in the grass wearing sunglasses","imageUrl":"https://images.unsplash.com/photo-1733164928015-08727933689d?crop=entropy&cs=tinysrgb&fit=max&fm=jpg&ixid=M3w4MzE3OTV8MHwxfHNlYXJjaHwyfHx3b21hbiUyMGV2ZXJ5ZGF5JTIwY2FzdWFsJTIwbG91bmdld2VhciUyMGNvbWZvcnRhYmxlJTIwc3ByaW5nJTIwc3VubnklMjBvdXRmaXR8ZW58MXwxfHx8MTc2NDE5NjQ2NXww&ixlib=rb-4.1.0&q=80&w=400","user":{"_id":"691f2b7a9d476f3935f25391","fullname":"karin kashi"},"createdAt":1764197103666} | {}
27.11.2025, 0:45:06 - INFO - /api/favorite | POST | {"imageId":"yvFo2R0_rvY","imageDescription":"A woman sitting in the grass wearing sunglasses","imageUrl":"https://images.unsplash.com/photo-1733164928015-08727933689d?crop=entropy&cs=tinysrgb&fit=max&fm=jpg&ixid=M3w4MzE3OTV8MHwxfHNlYXJjaHwyfHx3b21hbiUyMGV2ZXJ5ZGF5JTIwY2FzdWFsJTIwbG91bmdld2VhciUyMGNvbWZvcnRhYmxlJTIwc3ByaW5nJTIwc3VubnklMjBvdXRmaXR8ZW58MXwxfHx8MTc2NDE5NjQ2NXww&ixlib=rb-4.1.0&q=80&w=400","user":{"_id":"691f2b7a9d476f3935f25391","fullname":"karin kashi"},"createdAt":1764197106041} | {}
27.11.2025, 11:30:36 - INFO - User login | {"email":"kk@gmail.com","_id":"691f2b7a9d476f3935f25391"}
27.11.2025, 11:30:36 - DEBUG - auth.routes - user login | {"_id":"691f2b7a9d476f3935f25391","email":"kk@gmail.com","fullname":"karin kashi","createdAt":1763650426788}
27.11.2025, 11:44:57 - DEBUG - auth.routes - user login | {"_id":"691f2b7a9d476f3935f25391","email":"kk@gmail.com","fullname":"karin kashi","createdAt":1763650426788}
27.11.2025, 11:44:57 - INFO - User login | {"email":"kk@gmail.com","_id":"691f2b7a9d476f3935f25391"}
27.11.2025, 11:50:31 - DEBUG - auth.routes - user login | {"_id":"691f2b7a9d476f3935f25391","email":"kk@gmail.com","fullname":"karin kashi","createdAt":1763650426788}
27.11.2025, 11:50:31 - INFO - User login | {"email":"kk@gmail.com","_id":"691f2b7a9d476f3935f25391"}
27.11.2025, 11:52:27 - INFO - /api/favorite | POST | {"imageId":"TKD0nf8nfIM","imageDescription":"woman in black leather jacket and black pants wearing black leather boots","imageUrl":"https://images.unsplash.com/photo-1615122514692-bfea4a7aa204?crop=entropy&cs=tinysrgb&fit=max&fm=jpg&ixid=M3w4MzE3OTV8MHwxfHNlYXJjaHwzfHx3b21hbiUyMHNwb3J0eSUyMGFjdGl2ZXdlYXIlMjBsb3VuZ2V3ZWFyJTIwc3R5bGlzaCUyMGxpZ2h0JTIwY2xvdGhlcyUyMHN1bm55JTIwb3V0Zml0fGVufDF8MXx8fDE3NjQyMzcwMzd8MA&ixlib=rb-4.1.0&q=80&w=400","user":{"_id":"691f2b7a9d476f3935f25391","fullname":"karin kashi"},"createdAt":1764237147093} | {}
27.11.2025, 11:52:40 - INFO - /api/favorite | POST | {"imageId":"4CMBL4S0ZSk","imageDescription":"a woman wearing a mask","imageUrl":"https://images.unsplash.com/photo-1664789217274-9c6d94e6daae?crop=entropy&cs=tinysrgb&fit=max&fm=jpg&ixid=M3w4MzE3OTV8MHwxfHNlYXJjaHwxfHx3b21hbiUyMGFjdGl2ZXdlYXIlMjBzcG9ydHklMjBjb3p5JTIwZGlubmVyJTIwc3VtbWVyJTIwc3VubnklMjBvdXRmaXR8ZW58MXwxfHx8MTc2NDIzNzE1NHww&ixlib=rb-4.1.0&q=80&w=400","user":{"_id":"691f2b7a9d476f3935f25391","fullname":"karin kashi"},"createdAt":1764237160935} | {}
27.11.2025, 11:52:44 - INFO - /api/favorite | POST | {"imageId":"4CMBL4S0ZSk","imageDescription":"a woman wearing a mask","imageUrl":"https://images.unsplash.com/photo-1664789217274-9c6d94e6daae?crop=entropy&cs=tinysrgb&fit=max&fm=jpg&ixid=M3w4MzE3OTV8MHwxfHNlYXJjaHwxfHx3b21hbiUyMGFjdGl2ZXdlYXIlMjBzcG9ydHklMjBjb3p5JTIwZGlubmVyJTIwc3VtbWVyJTIwc3VubnklMjBvdXRmaXR8ZW58MXwxfHx8MTc2NDIzNzE1NHww&ixlib=rb-4.1.0&q=80&w=400","user":{"_id":"691f2b7a9d476f3935f25391","fullname":"karin kashi"},"createdAt":1764237164931} | {}
27.11.2025, 11:54:20 - INFO - /api/favorite | POST | {"imageId":"4CMBL4S0ZSk","imageDescription":"a woman wearing a mask","imageUrl":"https://images.unsplash.com/photo-1664789217274-9c6d94e6daae?crop=entropy&cs=tinysrgb&fit=max&fm=jpg&ixid=M3w4MzE3OTV8MHwxfHNlYXJjaHwxfHx3b21hbiUyMGFjdGl2ZXdlYXIlMjBzcG9ydHklMjBjb3p5JTIwZGlubmVyJTIwc3VtbWVyJTIwc3VubnklMjBvdXRmaXR8ZW58MXwxfHx8MTc2NDIzNzE1NHww&ixlib=rb-4.1.0&q=80&w=400","user":{"_id":"691f2b7a9d476f3935f25391","fullname":"karin kashi"},"createdAt":1764237259992} | {}
27.11.2025, 11:54:39 - DEBUG - auth.routes - user login | {"_id":"691f2b7a9d476f3935f25391","email":"kk@gmail.com","fullname":"karin kashi","createdAt":1763650426788}
27.11.2025, 11:54:39 - INFO - User login | {"email":"kk@gmail.com","_id":"691f2b7a9d476f3935f25391"}
27.11.2025, 11:54:50 - INFO - /api/favorite | POST | {"imageId":"JkddV2iM5bc","imageDescription":"a woman wearing a black tank top and black shorts","imageUrl":"https://images.unsplash.com/photo-1660633833226-2dff52adca8a?crop=entropy&cs=tinysrgb&fit=max&fm=jpg&ixid=M3w4MzE3OTV8MHwxfHNlYXJjaHwyfHx3b21hbiUyMGZpdG5lc3MlMjBmYXNoaW9uJTIwYWN0aXZld2VhciUyMGNoaWMlMjBjb21mb3J0YWJsZSUyMHN1bW1lciUyMHN1bm55JTIwb3V0Zml0fGVufDF8MXx8fDE3NjQyMzcyODd8MA&ixlib=rb-4.1.0&q=80&w=400","user":{"_id":"691f2b7a9d476f3935f25391","fullname":"karin kashi"},"createdAt":1764237290702} | {}
27.11.2025, 11:55:44 - DEBUG - auth.routes - user login | {"_id":"691f2b7a9d476f3935f25391","email":"kk@gmail.com","fullname":"karin kashi","createdAt":1763650426788}
27.11.2025, 11:55:44 - INFO - User login | {"email":"kk@gmail.com","_id":"691f2b7a9d476f3935f25391"}
27.11.2025, 11:59:15 - INFO - /api/favorite | POST | {"imageId":"TTnnfXdNqXI","imageDescription":"Woman stands on a city street, looking ahead.","imageUrl":"https://images.unsplash.com/photo-1754404929921-521d4f8170ed?crop=entropy&cs=tinysrgb&fit=max&fm=jpg&ixid=M3w4MzE3OTV8MHwxfHNlYXJjaHwzfHx3b21hbiUyMHN0cmVldCUyMHN0eWxlJTIwY2FzdWFsJTIwbGFpZCUyMGJhY2slMjBjb3p5JTIwY2FmZSUyMGxpZ2h0JTIwY2xvdGhlcyUyMHN1bm55JTIwb3V0Zml0fGVufDF8MXx8fDE3NjQyMzc0NTl8MA&ixlib=rb-4.1.0&q=80&w=400","user":{"_id":"691f2b7a9d476f3935f25391","fullname":"karin kashi"},"createdAt":1764237555329} | {}
27.11.2025, 12:01:23 - INFO - /api/favorite | POST | {"imageId":"TTnnfXdNqXI","imageDescription":"Woman stands on a city street, looking ahead.","imageUrl":"https://images.unsplash.com/photo-1754404929921-521d4f8170ed?crop=entropy&cs=tinysrgb&fit=max&fm=jpg&ixid=M3w4MzE3OTV8MHwxfHNlYXJjaHwzfHx3b21hbiUyMHN0cmVldCUyMHN0eWxlJTIwY2FzdWFsJTIwbGFpZCUyMGJhY2slMjBjb3p5JTIwY2FmZSUyMGxpZ2h0JTIwY2xvdGhlcyUyMHN1bm55JTIwb3V0Zml0fGVufDF8MXx8fDE3NjQyMzc0NTl8MA&ixlib=rb-4.1.0&q=80&w=400","user":{"_id":"691f2b7a9d476f3935f25391","fullname":"karin kashi"},"createdAt":1764237683118} | {}
27.11.2025, 12:01:56 - INFO - /api/favorite | POST | {"imageId":"TTnnfXdNqXI","imageDescription":"Woman stands on a city street, looking ahead.","imageUrl":"https://images.unsplash.com/photo-1754404929921-521d4f8170ed?crop=entropy&cs=tinysrgb&fit=max&fm=jpg&ixid=M3w4MzE3OTV8MHwxfHNlYXJjaHwzfHx3b21hbiUyMHN0cmVldCUyMHN0eWxlJTIwY2FzdWFsJTIwbGFpZCUyMGJhY2slMjBjb3p5JTIwY2FmZSUyMGxpZ2h0JTIwY2xvdGhlcyUyMHN1bm55JTIwb3V0Zml0fGVufDF8MXx8fDE3NjQyMzc0NTl8MA&ixlib=rb-4.1.0&q=80&w=400","user":{"_id":"691f2b7a9d476f3935f25391","fullname":"karin kashi"},"createdAt":1764237716172} | {}
27.11.2025, 12:02:22 - INFO - /api/favorite | POST | {"imageId":"TTnnfXdNqXI","imageDescription":"Woman stands on a city street, looking ahead.","imageUrl":"https://images.unsplash.com/photo-1754404929921-521d4f8170ed?crop=entropy&cs=tinysrgb&fit=max&fm=jpg&ixid=M3w4MzE3OTV8MHwxfHNlYXJjaHwzfHx3b21hbiUyMHN0cmVldCUyMHN0eWxlJTIwY2FzdWFsJTIwbGFpZCUyMGJhY2slMjBjb3p5JTIwY2FmZSUyMGxpZ2h0JTIwY2xvdGhlcyUyMHN1bm55JTIwb3V0Zml0fGVufDF8MXx8fDE3NjQyMzc0NTl8MA&ixlib=rb-4.1.0&q=80&w=400","user":{"_id":"691f2b7a9d476f3935f25391","fullname":"karin kashi"},"createdAt":1764237742127} | {}
27.11.2025, 12:24:44 - INFO - User login | {"email":"kk@gmail.com","_id":"691f2b7a9d476f3935f25391"}
27.11.2025, 12:24:44 - DEBUG - auth.routes - user login | {"_id":"691f2b7a9d476f3935f25391","email":"kk@gmail.com","fullname":"karin kashi","createdAt":1763650426788}
27.11.2025, 12:26:28 - DEBUG - auth.routes - user login | {"_id":"691f2b7a9d476f3935f25391","email":"kk@gmail.com","fullname":"karin kashi","createdAt":1763650426788}
27.11.2025, 12:26:28 - INFO - User login | {"email":"kk@gmail.com","_id":"691f2b7a9d476f3935f25391"}
27.11.2025, 12:28:20 - DEBUG - auth.routes - user login | {"_id":"691f2b7a9d476f3935f25391","email":"kk@gmail.com","fullname":"karin kashi","createdAt":1763650426788}
27.11.2025, 12:28:20 - INFO - User login | {"email":"kk@gmail.com","_id":"691f2b7a9d476f3935f25391"}
27.11.2025, 12:39:15 - DEBUG - auth.routes - user login | {"_id":"691f2b7a9d476f3935f25391","email":"kk@gmail.com","fullname":"karin kashi","createdAt":1763650426788}
27.11.2025, 12:39:15 - INFO - User login | {"email":"kk@gmail.com","_id":"691f2b7a9d476f3935f25391"}
27.11.2025, 12:42:53 - DEBUG - auth.routes - user login | {"_id":"691f2b7a9d476f3935f25391","email":"kk@gmail.com","fullname":"karin kashi","createdAt":1763650426788}
27.11.2025, 12:42:53 - INFO - User login | {"email":"kk@gmail.com","_id":"691f2b7a9d476f3935f25391"}
27.11.2025, 12:43:39 - DEBUG - auth.routes - user login | {"_id":"691f2b7a9d476f3935f25391","email":"kk@gmail.com","fullname":"karin kashi","createdAt":1763650426788}
27.11.2025, 12:43:39 - INFO - User login | {"email":"kk@gmail.com","_id":"691f2b7a9d476f3935f25391"}
27.11.2025, 12:43:58 - INFO - /api/favorite | POST | {"imageId":"QPw3q3Orjio","imageDescription":"Stylish man poses outdoors on a sunny day.","imageUrl":"https://images.unsplash.com/photo-1751749076119-e20d23fc66e0?crop=entropy&cs=tinysrgb&fit=max&fm=jpg&ixid=M3w4MzE3OTV8MHwxfHNlYXJjaHwzfHxtYW4lMjBhY3RpdmV3ZWFyJTIwc3BvcnR5JTIwY296eSUyMHByYWN0aWNhbCUyMHN1bW1lciUyMHN1bm55JTIwb3V0Zml0fGVufDF8MXx8fDE3NjQyNDAyMjZ8MA&ixlib=rb-4.1.0&q=80&w=400","user":{"_id":"691f2b7a9d476f3935f25391","fullname":"karin kashi"},"createdAt":1764240238113} | {}
27.11.2025, 12:44:04 - INFO - /api/favorite | POST | {"imageId":"-6BinTUTo2w","imageDescription":"A man walking down a sidewalk in front of a building","imageUrl":"https://images.unsplash.com/photo-1719087392192-4871ba361001?crop=entropy&cs=tinysrgb&fit=max&fm=jpg&ixid=M3w4MzE3OTV8MHwxfHNlYXJjaHw0fHxtYW4lMjBhY3RpdmV3ZWFyJTIwc3BvcnR5JTIwY296eSUyMHByYWN0aWNhbCUyMHN1bW1lciUyMHN1bm55JTIwb3V0Zml0fGVufDF8MXx8fDE3NjQyNDAyMjZ8MA&ixlib=rb-4.1.0&q=80&w=400","user":{"_id":"691f2b7a9d476f3935f25391","fullname":"karin kashi"},"createdAt":1764240244957} | {}
27.11.2025, 13:50:58 - INFO - User login | {"email":"kk@gmail.com","_id":"691f2b7a9d476f3935f25391"}
27.11.2025, 13:50:58 - DEBUG - auth.routes - user login | {"_id":"691f2b7a9d476f3935f25391","email":"kk@gmail.com","fullname":"karin kashi","createdAt":1763650426788}
27.11.2025, 14:30:09 - DEBUG - auth.routes - user login | {"_id":"691f2b7a9d476f3935f25391","email":"kk@gmail.com","fullname":"karin kashi","createdAt":1763650426788}
27.11.2025, 14:30:09 - INFO - User login | {"email":"kk@gmail.com","_id":"691f2b7a9d476f3935f25391"}
27.11.2025, 14:31:32 - DEBUG - auth.routes - user login | {"_id":"691f2b7a9d476f3935f25391","email":"kk@gmail.com","fullname":"karin kashi","createdAt":1763650426788}
27.11.2025, 14:31:32 - INFO - User login | {"email":"kk@gmail.com","_id":"691f2b7a9d476f3935f25391"}
27.11.2025, 14:54:11 - DEBUG - auth.routes - user login | {"_id":"691f2b7a9d476f3935f25391","email":"kk@gmail.com","fullname":"karin kashi","createdAt":1763650426788}
27.11.2025, 14:54:11 - INFO - User login | {"email":"kk@gmail.com","_id":"691f2b7a9d476f3935f25391"}
27.11.2025, 14:54:16 - ERROR - Auth middleware error: | {"userId":"Unknown","name":"Unknown","err":{}}
27.11.2025, 15:01:48 - DEBUG - auth.routes - user login | {"_id":"691f2b7a9d476f3935f25391","email":"kk@gmail.com","fullname":"karin kashi","createdAt":1763650426788}
27.11.2025, 15:01:48 - INFO - User login | {"email":"kk@gmail.com","_id":"691f2b7a9d476f3935f25391"}
27.11.2025, 15:01:52 - ERROR - Auth middleware error: | {"userId":"Unknown","name":"Unknown","err":{}}
27.11.2025, 15:03:29 - DEBUG - auth.routes - user login | {"_id":"691f2b7a9d476f3935f25391","email":"kk@gmail.com","fullname":"karin kashi","createdAt":1763650426788}
27.11.2025, 15:03:29 - INFO - User login | {"email":"kk@gmail.com","_id":"691f2b7a9d476f3935f25391"}
27.11.2025, 15:03:35 - ERROR - Auth middleware error: | {"userId":"Unknown","name":"Unknown","err":{}}
27.11.2025, 15:06:42 - DEBUG - auth.routes - user login | {"_id":"691f2b7a9d476f3935f25391","email":"kk@gmail.com","fullname":"karin kashi","createdAt":1763650426788}
27.11.2025, 15:06:42 - INFO - User login | {"email":"kk@gmail.com","_id":"691f2b7a9d476f3935f25391"}
27.11.2025, 15:06:49 - ERROR - Auth middleware error: | {"userId":"Unknown","name":"Unknown","err":{}}
27.11.2025, 15:11:59 - DEBUG - auth.routes - user login | {"_id":"691f2b7a9d476f3935f25391","email":"kk@gmail.com","fullname":"karin kashi","createdAt":1763650426788}
27.11.2025, 15:11:59 - INFO - User login | {"email":"kk@gmail.com","_id":"691f2b7a9d476f3935f25391"}
27.11.2025, 15:12:04 - ERROR - Auth middleware error: | {"userId":"Unknown","name":"Unknown","err":{}}
27.11.2025, 15:16:13 - DEBUG - auth.routes - user login | {"_id":"691f2b7a9d476f3935f25391","email":"kk@gmail.com","fullname":"karin kashi","createdAt":1763650426788}
27.11.2025, 15:16:13 - INFO - User login | {"email":"kk@gmail.com","_id":"691f2b7a9d476f3935f25391"}
27.11.2025, 15:16:19 - ERROR - Auth middleware error: | {"userId":"Unknown","name":"Unknown","err":{}}
27.11.2025, 15:16:42 - DEBUG - auth.routes - user login | {"_id":"691f2b7a9d476f3935f25391","email":"kk@gmail.com","fullname":"karin kashi","createdAt":1763650426788}
27.11.2025, 15:16:42 - INFO - User login | {"email":"kk@gmail.com","_id":"691f2b7a9d476f3935f25391"}
27.11.2025, 15:17:18 - DEBUG - auth.routes - user login | {"_id":"691f2b7a9d476f3935f25391","email":"kk@gmail.com","fullname":"karin kashi","createdAt":1763650426788}
27.11.2025, 15:17:18 - INFO - User login | {"email":"kk@gmail.com","_id":"691f2b7a9d476f3935f25391"}
27.11.2025, 15:18:04 - DEBUG - auth.routes - user login | {"_id":"691f2b7a9d476f3935f25391","email":"kk@gmail.com","fullname":"karin kashi","createdAt":1763650426788}
27.11.2025, 15:18:04 - INFO - User login | {"email":"kk@gmail.com","_id":"691f2b7a9d476f3935f25391"}
27.11.2025, 15:25:36 - DEBUG - auth.routes - user login | {"_id":"691f2b7a9d476f3935f25391","email":"kk@gmail.com","fullname":"karin kashi","createdAt":1763650426788}
27.11.2025, 15:25:36 - INFO - User login | {"email":"kk@gmail.com","_id":"691f2b7a9d476f3935f25391"}
27.11.2025, 15:28:37 - DEBUG - auth.routes - user login | {"_id":"691f2b7a9d476f3935f25391","email":"kk@gmail.com","fullname":"karin kashi","createdAt":1763650426788}
27.11.2025, 15:28:37 - INFO - User login | {"email":"kk@gmail.com","_id":"691f2b7a9d476f3935f25391"}
27.11.2025, 15:29:47 - DEBUG - auth.routes - user login | {"_id":"691f2b7a9d476f3935f25391","email":"kk@gmail.com","fullname":"karin kashi","createdAt":1763650426788}
27.11.2025, 15:29:47 - INFO - User login | {"email":"kk@gmail.com","_id":"691f2b7a9d476f3935f25391"}
27.11.2025, 15:33:17 - DEBUG - auth.routes - user login | {"_id":"691f2b7a9d476f3935f25391","email":"kk@gmail.com","fullname":"karin kashi","createdAt":1763650426788}
27.11.2025, 15:33:17 - INFO - User login | {"email":"kk@gmail.com","_id":"691f2b7a9d476f3935f25391"}
27.11.2025, 15:35:16 - INFO - /api/favorite | POST | {"image":{"id":"5qgnNefe74c","description":"A man sitting on a rail in front of a building","url":"https://images.unsplash.com/photo-1730651424770-a27017708af2?crop=entropy&cs=tinysrgb&fit=max&fm=jpg&ixid=M3w4MzE3OTV8MHwxfHNlYXJjaHwxfHxtYW4lMjBzcG9ydHklMjBmaXRuZXNzJTIwZmFzaGlvbiUyMGNoaWMlMjBjYWZlJTIwZmFzaGlvbiUyMHN1bW1lciUyMHN1bm55JTIwb3V0Zml0fGVufDF8MXx8fDE3NjQyNTA1MTN8MA&ixlib=rb-4.1.0&q=80&w=400"},"user":{"_id":"691f2b7a9d476f3935f25391","fullname":"karin kashi"},"createdAt":1764250516141} | {}
27.11.2025, 15:35:19 - INFO - /api/favorite | POST | {"image":{"id":"5qgnNefe74c","description":"A man sitting on a rail in front of a building","url":"https://images.unsplash.com/photo-1730651424770-a27017708af2?crop=entropy&cs=tinysrgb&fit=max&fm=jpg&ixid=M3w4MzE3OTV8MHwxfHNlYXJjaHwxfHxtYW4lMjBzcG9ydHklMjBmaXRuZXNzJTIwZmFzaGlvbiUyMGNoaWMlMjBjYWZlJTIwZmFzaGlvbiUyMHN1bW1lciUyMHN1bm55JTIwb3V0Zml0fGVufDF8MXx8fDE3NjQyNTA1MTN8MA&ixlib=rb-4.1.0&q=80&w=400"},"user":{"_id":"691f2b7a9d476f3935f25391","fullname":"karin kashi"},"createdAt":1764250519400} | {}
27.11.2025, 15:35:21 - INFO - /api/favorite | POST | {"image":{"id":"5qgnNefe74c","description":"A man sitting on a rail in front of a building","url":"https://images.unsplash.com/photo-1730651424770-a27017708af2?crop=entropy&cs=tinysrgb&fit=max&fm=jpg&ixid=M3w4MzE3OTV8MHwxfHNlYXJjaHwxfHxtYW4lMjBzcG9ydHklMjBmaXRuZXNzJTIwZmFzaGlvbiUyMGNoaWMlMjBjYWZlJTIwZmFzaGlvbiUyMHN1bW1lciUyMHN1bm55JTIwb3V0Zml0fGVufDF8MXx8fDE3NjQyNTA1MTN8MA&ixlib=rb-4.1.0&q=80&w=400"},"user":{"_id":"691f2b7a9d476f3935f25391","fullname":"karin kashi"},"createdAt":1764250521095} | {}
27.11.2025, 15:35:29 - INFO - /api/favorite | POST | {"image":{"id":"5qgnNefe74c","description":"A man sitting on a rail in front of a building","url":"https://images.unsplash.com/photo-1730651424770-a27017708af2?crop=entropy&cs=tinysrgb&fit=max&fm=jpg&ixid=M3w4MzE3OTV8MHwxfHNlYXJjaHwxfHxtYW4lMjBzcG9ydHklMjBmaXRuZXNzJTIwZmFzaGlvbiUyMGNoaWMlMjBjYWZlJTIwZmFzaGlvbiUyMHN1bW1lciUyMHN1bm55JTIwb3V0Zml0fGVufDF8MXx8fDE3NjQyNTA1MTN8MA&ixlib=rb-4.1.0&q=80&w=400"},"user":{"_id":"691f2b7a9d476f3935f25391","fullname":"karin kashi"},"createdAt":1764250529219} | {}
27.11.2025, 15:35:36 - INFO - /api/favorite | POST | {"image":{"id":"5qgnNefe74c","description":"A man sitting on a rail in front of a building","url":"https://images.unsplash.com/photo-1730651424770-a27017708af2?crop=entropy&cs=tinysrgb&fit=max&fm=jpg&ixid=M3w4MzE3OTV8MHwxfHNlYXJjaHwxfHxtYW4lMjBzcG9ydHklMjBmaXRuZXNzJTIwZmFzaGlvbiUyMGNoaWMlMjBjYWZlJTIwZmFzaGlvbiUyMHN1bW1lciUyMHN1bm55JTIwb3V0Zml0fGVufDF8MXx8fDE3NjQyNTA1MTN8MA&ixlib=rb-4.1.0&q=80&w=400"},"user":{"_id":"691f2b7a9d476f3935f25391","fullname":"karin kashi"},"createdAt":1764250536591} | {}
27.11.2025, 15:35:41 - INFO - /api/favorite | POST | {"image":{"id":"5qgnNefe74c","description":"A man sitting on a rail in front of a building","url":"https://images.unsplash.com/photo-1730651424770-a27017708af2?crop=entropy&cs=tinysrgb&fit=max&fm=jpg&ixid=M3w4MzE3OTV8MHwxfHNlYXJjaHwxfHxtYW4lMjBzcG9ydHklMjBmaXRuZXNzJTIwZmFzaGlvbiUyMGNoaWMlMjBjYWZlJTIwZmFzaGlvbiUyMHN1bW1lciUyMHN1bm55JTIwb3V0Zml0fGVufDF8MXx8fDE3NjQyNTA1MTN8MA&ixlib=rb-4.1.0&q=80&w=400"},"user":{"_id":"691f2b7a9d476f3935f25391","fullname":"karin kashi"},"createdAt":1764250541287} | {}
27.11.2025, 15:37:21 - INFO - /api/favorite | POST | {"image":{"id":"lOMCq_a6Uwo","description":"a woman in yellow pants and a blue coat","url":"https://images.unsplash.com/photo-1690918845429-ebe653c94e5a?crop=entropy&cs=tinysrgb&fit=max&fm=jpg&ixid=M3w4MzE3OTV8MHwxfHNlYXJjaHwxfHx3b21hbiUyMHN0cmVldCUyMHN0eWxlJTIwZXZlcnlkYXklMjBjaGljJTIwYnVzaW5lc3MlMjBjYXN1YWwlMjBsaWdodCUyMGNsb3RoZXMlMjBzdW5ueSUyMG91dGZpdHxlbnwxfDF8fHwxNzY0MjUwNjM5fDA&ixlib=rb-4.1.0&q=80&w=400"},"user":{"_id":"691f2b7a9d476f3935f25391","fullname":"karin kashi"},"createdAt":1764250641657} | {}
27.11.2025, 15:37:23 - INFO - /api/favorite | POST | {"image":{"id":"lOMCq_a6Uwo","description":"a woman in yellow pants and a blue coat","url":"https://images.unsplash.com/photo-1690918845429-ebe653c94e5a?crop=entropy&cs=tinysrgb&fit=max&fm=jpg&ixid=M3w4MzE3OTV8MHwxfHNlYXJjaHwxfHx3b21hbiUyMHN0cmVldCUyMHN0eWxlJTIwZXZlcnlkYXklMjBjaGljJTIwYnVzaW5lc3MlMjBjYXN1YWwlMjBsaWdodCUyMGNsb3RoZXMlMjBzdW5ueSUyMG91dGZpdHxlbnwxfDF8fHwxNzY0MjUwNjM5fDA&ixlib=rb-4.1.0&q=80&w=400"},"user":{"_id":"691f2b7a9d476f3935f25391","fullname":"karin kashi"},"createdAt":1764250643469} | {}
27.11.2025, 15:37:27 - INFO - /api/favorite | POST | {"image":{"id":"lOMCq_a6Uwo","description":"a woman in yellow pants and a blue coat","url":"https://images.unsplash.com/photo-1690918845429-ebe653c94e5a?crop=entropy&cs=tinysrgb&fit=max&fm=jpg&ixid=M3w4MzE3OTV8MHwxfHNlYXJjaHwxfHx3b21hbiUyMHN0cmVldCUyMHN0eWxlJTIwZXZlcnlkYXklMjBjaGljJTIwYnVzaW5lc3MlMjBjYXN1YWwlMjBsaWdodCUyMGNsb3RoZXMlMjBzdW5ueSUyMG91dGZpdHxlbnwxfDF8fHwxNzY0MjUwNjM5fDA&ixlib=rb-4.1.0&q=80&w=400"},"user":{"_id":"691f2b7a9d476f3935f25391","fullname":"karin kashi"},"createdAt":1764250647474} | {}
27.11.2025, 15:37:44 - INFO - /api/favorite | POST | {"image":{"id":"lOMCq_a6Uwo","description":"a woman in yellow pants and a blue coat","url":"https://images.unsplash.com/photo-1690918845429-ebe653c94e5a?crop=entropy&cs=tinysrgb&fit=max&fm=jpg&ixid=M3w4MzE3OTV8MHwxfHNlYXJjaHwxfHx3b21hbiUyMHN0cmVldCUyMHN0eWxlJTIwZXZlcnlkYXklMjBjaGljJTIwYnVzaW5lc3MlMjBjYXN1YWwlMjBsaWdodCUyMGNsb3RoZXMlMjBzdW5ueSUyMG91dGZpdHxlbnwxfDF8fHwxNzY0MjUwNjM5fDA&ixlib=rb-4.1.0&q=80&w=400"},"user":{"_id":"691f2b7a9d476f3935f25391","fullname":"karin kashi"},"createdAt":1764250664322} | {}
27.11.2025, 15:52:30 - ERROR - Auth middleware error: | {"userId":"Unknown","name":"Unknown","err":{"name":"TokenExpiredError","message":"jwt expired","expiredAt":"2025-11-27T13:48:17.000Z"}}
27.11.2025, 15:52:41 - DEBUG - auth.routes - user login | {"_id":"691f2b7a9d476f3935f25391","email":"kk@gmail.com","fullname":"karin kashi","createdAt":1763650426788}
27.11.2025, 15:52:41 - INFO - User login | {"email":"kk@gmail.com","_id":"691f2b7a9d476f3935f25391"}
27.11.2025, 15:57:19 - INFO - /api/favorite | POST | {"image":{"id":"UfiQQu3B2Eo","description":"a man in a shirt and shorts standing with his hands on his hips","url":"https://images.unsplash.com/photo-1643104896468-6471457f0062?crop=entropy&cs=tinysrgb&fit=max&fm=jpg&ixid=M3w4MzE3OTV8MHwxfHNlYXJjaHwxfHxtYW4lMjBib2hvJTIwc3R5bGUlMjBib2hlbWlhbiUyMGZhc2hpb24lMjBsb3VuZ2V3ZWFyJTIwcHJhY3RpY2FsJTIwbGlnaHQlMjBjbG90aGVzJTIwc3VubnklMjBvdXRmaXR8ZW58MXwxfHx8MTc2NDI1MTU3NXww&ixlib=rb-4.1.0&q=80&w=400"},"user":{"_id":"691f2b7a9d476f3935f25391","fullname":"karin kashi"},"createdAt":1764251839900} | {}
27.11.2025, 15:57:24 - INFO - /api/favorite | POST | {"image":{"id":"UfiQQu3B2Eo","description":"a man in a shirt and shorts standing with his hands on his hips","url":"https://images.unsplash.com/photo-1643104896468-6471457f0062?crop=entropy&cs=tinysrgb&fit=max&fm=jpg&ixid=M3w4MzE3OTV8MHwxfHNlYXJjaHwxfHxtYW4lMjBib2hvJTIwc3R5bGUlMjBib2hlbWlhbiUyMGZhc2hpb24lMjBsb3VuZ2V3ZWFyJTIwcHJhY3RpY2FsJTIwbGlnaHQlMjBjbG90aGVzJTIwc3VubnklMjBvdXRmaXR8ZW58MXwxfHx8MTc2NDI1MTU3NXww&ixlib=rb-4.1.0&q=80&w=400"},"user":{"_id":"691f2b7a9d476f3935f25391","fullname":"karin kashi"},"createdAt":1764251844075} | {}
27.11.2025, 16:01:19 - INFO - /api/favorite | POST | {"image":{"id":"UvNxC2Hrm2M","description":"A man walking in front of a tall building","url":"https://images.unsplash.com/photo-1719087392185-52f83ababd4a?crop=entropy&cs=tinysrgb&fit=max&fm=jpg&ixid=M3w4MzE3OTV8MHwxfHNlYXJjaHw3fHxtYW4lMjB1cmJhbiUyMGZhc2hpb24lMjBzdHJlZXR3ZWFyJTIwcm9tYW50aWMlMjBsaWdodCUyMGNsb3RoZXMlMjBzdW5ueSUyMG91dGZpdHxlbnwxfDF8fHwxNzY0MjUyMDY4fDA&ixlib=rb-4.1.0&q=80&w=400"},"user":{"_id":"691f2b7a9d476f3935f25391","fullname":"karin kashi"},"createdAt":1764252079211} | {}
27.11.2025, 16:01:23 - INFO - /api/favorite | POST | {"image":{"id":"uFhQFk3n32Q","description":"a man sitting on a pole looking at his cell phone","url":"https://images.unsplash.com/photo-1697517530015-616c6ec84fa9?crop=entropy&cs=tinysrgb&fit=max&fm=jpg&ixid=M3w4MzE3OTV8MHwxfHNlYXJjaHw2fHxtYW4lMjB1cmJhbiUyMGZhc2hpb24lMjBzdHJlZXR3ZWFyJTIwcm9tYW50aWMlMjBsaWdodCUyMGNsb3RoZXMlMjBzdW5ueSUyMG91dGZpdHxlbnwxfDF8fHwxNzY0MjUyMDY4fDA&ixlib=rb-4.1.0&q=80&w=400"},"user":{"_id":"691f2b7a9d476f3935f25391","fullname":"karin kashi"},"createdAt":1764252083133} | {}
27.11.2025, 16:03:34 - INFO - /api/favorite | POST | {"image":{"id":"FsIPpD8LnyE","description":"woman in yellow long sleeve dress wearing brown straw hat holding white flowers","url":"https://images.unsplash.com/photo-1618844041147-ea6da53f2b1d?crop=entropy&cs=tinysrgb&fit=max&fm=jpg&ixid=M3w4MzE3OTV8MHwxfHNlYXJjaHwxfHx3b21hbiUyMGJvaG8lMjBzdHlsZSUyMGJvaGVtaWFuJTIwZmFzaGlvbiUyMGJvbGQlMjBsaWdodCUyMGNsb3RoZXMlMjBzdW5ueSUyMG91dGZpdHxlbnwxfDF8fHwxNzY0MjUyMjEzfDA&ixlib=rb-4.1.0&q=80&w=400"},"user":{"_id":"691f2b7a9d476f3935f25391","fullname":"karin kashi"},"createdAt":1764252214506} | {}
27.11.2025, 16:06:52 - INFO - /api/favorite | POST | {"image":{"id":"Osb7BsuE8cw","description":"woman wearing brown jacket and hat standing on green field","url":"https://images.unsplash.com/photo-1575421092286-7f78e99c6100?crop=entropy&cs=tinysrgb&fit=max&fm=jpg&ixid=M3w4MzE3OTV8MHwxfHNlYXJjaHwxfHx3b21hbiUyMGJvaG8lMjBzdHlsZSUyMGJvaGVtaWFuJTIwZmFzaGlvbiUyMGxvdW5nZXdlYXIlMjBzdHlsaXNoJTIwbGlnaHQlMjBjbG90aGVzJTIwc3VubnklMjBvdXRmaXR8ZW58MXwxfHx8MTc2NDI1MjQwOXww&ixlib=rb-4.1.0&q=80&w=400"},"user":{"_id":"691f2b7a9d476f3935f25391","fullname":"karin kashi"},"createdAt":1764252412860} | {}
27.11.2025, 16:06:55 - INFO - /api/favorite | POST | {"image":{"id":"lOMCq_a6Uwo","description":"a woman in yellow pants and a blue coat","url":"https://images.unsplash.com/photo-1690918845429-ebe653c94e5a?crop=entropy&cs=tinysrgb&fit=max&fm=jpg&ixid=M3w4MzE3OTV8MHwxfHNlYXJjaHwyfHx3b21hbiUyMGJvaG8lMjBzdHlsZSUyMGJvaGVtaWFuJTIwZmFzaGlvbiUyMGxvdW5nZXdlYXIlMjBzdHlsaXNoJTIwbGlnaHQlMjBjbG90aGVzJTIwc3VubnklMjBvdXRmaXR8ZW58MXwxfHx8MTc2NDI1MjQwOXww&ixlib=rb-4.1.0&q=80&w=400"},"user":{"_id":"691f2b7a9d476f3935f25391","fullname":"karin kashi"},"createdAt":1764252415145} | {}
27.11.2025, 16:07:43 - INFO - /api/favorite | POST | {"image":{"id":"4CMBL4S0ZSk","description":"a woman wearing a mask","url":"https://images.unsplash.com/photo-1664789217274-9c6d94e6daae?crop=entropy&cs=tinysrgb&fit=max&fm=jpg&ixid=M3w4MzE3OTV8MHwxfHNlYXJjaHwzfHx3b21hbiUyMHNwb3J0eSUyMGFjdGl2ZXdlYXIlMjBjb3p5JTIwY29tZm9ydGFibGUlMjBjYXN1YWwlMjBsaWdodCUyMGNsb3RoZXMlMjBzdW5ueSUyMG91dGZpdHxlbnwxfDF8fHwxNzY0MjUyNDU5fDA&ixlib=rb-4.1.0&q=80&w=400"},"user":{"_id":"691f2b7a9d476f3935f25391","fullname":"karin kashi"},"createdAt":1764252463463} | {}
27.11.2025, 16:07:43 - ERROR - Auth middleware error: | {"userId":"Unknown","name":"Unknown","err":{"name":"TokenExpiredError","message":"jwt expired","expiredAt":"2025-11-27T14:07:41.000Z"}}
27.11.2025, 16:07:44 - INFO - /api/favorite | POST | {"image":{"id":"4CMBL4S0ZSk","description":"a woman wearing a mask","url":"https://images.unsplash.com/photo-1664789217274-9c6d94e6daae?crop=entropy&cs=tinysrgb&fit=max&fm=jpg&ixid=M3w4MzE3OTV8MHwxfHNlYXJjaHwzfHx3b21hbiUyMHNwb3J0eSUyMGFjdGl2ZXdlYXIlMjBjb3p5JTIwY29tZm9ydGFibGUlMjBjYXN1YWwlMjBsaWdodCUyMGNsb3RoZXMlMjBzdW5ueSUyMG91dGZpdHxlbnwxfDF8fHwxNzY0MjUyNDU5fDA&ixlib=rb-4.1.0&q=80&w=400"},"user":{"_id":"691f2b7a9d476f3935f25391","fullname":"karin kashi"},"createdAt":1764252464911} | {}
27.11.2025, 16:07:46 - INFO - /api/favorite | POST | {"image":{"id":"4CMBL4S0ZSk","description":"a woman wearing a mask","url":"https://images.unsplash.com/photo-1664789217274-9c6d94e6daae?crop=entropy&cs=tinysrgb&fit=max&fm=jpg&ixid=M3w4MzE3OTV8MHwxfHNlYXJjaHwzfHx3b21hbiUyMHNwb3J0eSUyMGFjdGl2ZXdlYXIlMjBjb3p5JTIwY29tZm9ydGFibGUlMjBjYXN1YWwlMjBsaWdodCUyMGNsb3RoZXMlMjBzdW5ueSUyMG91dGZpdHxlbnwxfDF8fHwxNzY0MjUyNDU5fDA&ixlib=rb-4.1.0&q=80&w=400"},"user":{"_id":"691f2b7a9d476f3935f25391","fullname":"karin kashi"},"createdAt":1764252466357} | {}
27.11.2025, 16:07:52 - INFO - /api/favorite | POST | {"image":{"id":"4CMBL4S0ZSk","description":"a woman wearing a mask","url":"https://images.unsplash.com/photo-1664789217274-9c6d94e6daae?crop=entropy&cs=tinysrgb&fit=max&fm=jpg&ixid=M3w4MzE3OTV8MHwxfHNlYXJjaHwzfHx3b21hbiUyMHNwb3J0eSUyMGFjdGl2ZXdlYXIlMjBjb3p5JTIwY29tZm9ydGFibGUlMjBjYXN1YWwlMjBsaWdodCUyMGNsb3RoZXMlMjBzdW5ueSUyMG91dGZpdHxlbnwxfDF8fHwxNzY0MjUyNDU5fDA&ixlib=rb-4.1.0&q=80&w=400"},"user":{"_id":"691f2b7a9d476f3935f25391","fullname":"karin kashi"},"createdAt":1764252472443} | {}
27.11.2025, 16:17:48 - DEBUG - auth.routes - user login | {"_id":"691f2b7a9d476f3935f25391","email":"kk@gmail.com","fullname":"karin kashi","createdAt":1763650426788}
27.11.2025, 16:17:48 - INFO - User login | {"email":"kk@gmail.com","_id":"691f2b7a9d476f3935f25391"}
27.11.2025, 16:18:02 - INFO - /api/favorite | POST | {"image":{"id":"J7LBpvI2Z9s","description":"man in white blue and red plaid button up t-shirt and black and white pants","url":"https://images.unsplash.com/photo-1625073317638-c5d141502b6e?crop=entropy&cs=tinysrgb&fit=max&fm=jpg&ixid=M3w4MzE3OTV8MHwxfHNlYXJjaHwxfHxtYW4lMjBib2hvJTIwc3R5bGUlMjBib2hlbWlhbiUyMGZhc2hpb24lMjBsb3VuZ2V3ZWFyJTIwbGlnaHQlMjBjbG90aGVzJTIwc3VubnklMjBvdXRmaXR8ZW58MXwxfHx8MTc2NDI1MzA4MXww&ixlib=rb-4.1.0&q=80&w=400"},"user":{"_id":"691f2b7a9d476f3935f25391","fullname":"karin kashi"},"createdAt":1764253082759} | {}
27.11.2025, 16:18:09 - INFO - /api/favorite | POST | {"image":{"id":"gsRSDwXEKZU","description":"a woman walking down a street holding a purse","url":"https://images.unsplash.com/photo-1686628101951-ce2bd65ab579?crop=entropy&cs=tinysrgb&fit=max&fm=jpg&ixid=M3w4MzE3OTV8MHwxfHNlYXJjaHwzfHxtYW4lMjBib2hvJTIwc3R5bGUlMjBib2hlbWlhbiUyMGZhc2hpb24lMjBsb3VuZ2V3ZWFyJTIwbGlnaHQlMjBjbG90aGVzJTIwc3VubnklMjBvdXRmaXR8ZW58MXwxfHx8MTc2NDI1MzA4MXww&ixlib=rb-4.1.0&q=80&w=400"},"user":{"_id":"691f2b7a9d476f3935f25391","fullname":"karin kashi"},"createdAt":1764253089264} | {}
27.11.2025, 18:54:51 - ERROR - Auth middleware error: | {"userId":"Unknown","name":"Unknown","err":{"name":"TokenExpiredError","message":"jwt expired","expiredAt":"2025-11-27T14:32:48.000Z"}}
27.11.2025, 18:54:51 - ERROR - Auth middleware error: | {"userId":"Unknown","name":"Unknown","err":{"name":"TokenExpiredError","message":"jwt expired","expiredAt":"2025-11-27T14:32:48.000Z"}}
27.11.2025, 20:49:39 - INFO - User login | {"email":"kk@gmail.com","_id":"691f2b7a9d476f3935f25391"}
27.11.2025, 20:49:39 - DEBUG - auth.routes - user login | {"_id":"691f2b7a9d476f3935f25391","email":"kk@gmail.com","fullname":"karin kashi","createdAt":1763650426788}
27.11.2025, 21:05:21 - ERROR - Auth middleware error: | {"userId":"Unknown","name":"Unknown","err":{"name":"TokenExpiredError","message":"jwt expired","expiredAt":"2025-11-27T19:04:39.000Z"}}
27.11.2025, 21:07:06 - DEBUG - auth.routes - user login | {"_id":"691f2b7a9d476f3935f25391","email":"kk@gmail.com","fullname":"karin kashi","createdAt":1763650426788}
27.11.2025, 21:07:06 - INFO - User login | {"email":"kk@gmail.com","_id":"691f2b7a9d476f3935f25391"}
27.11.2025, 22:09:47 - INFO - User login | {"email":"kk@gmail.com","_id":"691f2b7a9d476f3935f25391"}
27.11.2025, 22:09:47 - DEBUG - auth.routes - user login | {"_id":"691f2b7a9d476f3935f25391","email":"kk@gmail.com","fullname":"karin kashi","createdAt":1763650426788}
